<?xml version="1.0" encoding="UTF-8"?>
<testng-results ignored="0" total="1" passed="1" failed="0" skipped="0">
  <reporter-output>
  </reporter-output>
  <suite started-at="2023-11-16T16:12:55 IST" name="Suite" finished-at="2023-11-16T16:12:59 IST" duration-ms="3924">
    <groups>
    </groups>
    <test started-at="2023-11-16T16:12:55 IST" name="Test" finished-at="2023-11-16T16:12:59 IST" duration-ms="3924">
      <class name="JavaBasic.LoginPage">
        <test-method signature="login()[pri:0, instance:JavaBasic.LoginPage@60410cd]" started-at="2023-11-16T16:12:55 IST" name="login" finished-at="2023-11-16T16:12:59 IST" duration-ms="3704" status="PASS">
          <reporter-output>
          </reporter-output>
        </test-method> <!-- login -->
        <test-method is-config="true" signature="quitBrowser()[pri:0, instance:JavaBasic.LoginPage@60410cd]" started-at="2023-11-16T16:12:59 IST" name="quitBrowser" finished-at="2023-11-16T16:12:59 IST" duration-ms="194" status="PASS">
          <reporter-output>
          </reporter-output>
        </test-method> <!-- quitBrowser -->
      </class> <!-- JavaBasic.LoginPage -->
    </test> <!-- Test -->
  </suite> <!-- Suite -->
</testng-results>
